# P10 Gate Log
# Gate: verify-app-lifecycle
# Number: 3
# Started: 2026-05-15 11:04:26
# Godot: C:\Users\Aykut\Documents\Godot\mmae\tools\..\Godot_v4.6.2-stable_win64_console.exe
# Args: --path . --script res://tools/verify_app_lifecycle_contract.gd
# Timeout: 45s
#
============================================================

# Command: C:\Users\Aykut\Documents\Godot\mmae\tools\..\Godot_v4.6.2-stable_win64_console.exe --path . --script res://tools/verify_app_lifecycle_contract.gd > "C:\Users\Aykut\AppData\Local\Temp\tmpEF6C.tmp" 2>&1
Godot Engine v4.6.2.stable.official.71f334935 - https://godotengine.org
D3D12 12_0 - Forward+ - Using Device #0: NVIDIA - NVIDIA GeForce GTX 1650

[AudioManager] 13 placeholder ses olusturuldu.
[AudioManager] assets/audio/ mevcut, ses dosyalari yuklenmeye hazir.
SCRIPT ERROR: Parse Error: Too many arguments for "get()" call. Expected at most 1 but received 2.
   at: GDScript::reload (res://scripts/tutorial_controller.gd:527)
   GDScript backtrace (most recent call first):
       [0] _verify_world_pause_resume (res://tools/verify_app_lifecycle_contract.gd:28)
       [1] _run (res://tools/verify_app_lifecycle_contract.gd:15)
SCRIPT ERROR: Parse Error: Too many arguments for "get()" call. Expected at most 1 but received 2.
   at: GDScript::reload (res://scripts/tutorial_controller.gd:529)
   GDScript backtrace (most recent call first):
       [0] _verify_world_pause_resume (res://tools/verify_app_lifecycle_contract.gd:28)
       [1] _run (res://tools/verify_app_lifecycle_contract.gd:15)
SCRIPT ERROR: Compile Error: Failed to compile depended scripts.
   at: GDScript::reload (res://scripts/world_ui.gd:0)
   GDScript backtrace (most recent call first):
       [0] _verify_world_pause_resume (res://tools/verify_app_lifecycle_contract.gd:28)
       [1] _run (res://tools/verify_app_lifecycle_contract.gd:15)
SCRIPT ERROR: Compile Error: Failed to compile depended scripts.
   at: GDScript::reload (res://scripts/world.gd:0)
   GDScript backtrace (most recent call first):
       [0] _verify_world_pause_resume (res://tools/verify_app_lifecycle_contract.gd:28)
       [1] _run (res://tools/verify_app_lifecycle_contract.gd:15)
ERROR: Failed to load script "res://scripts/world.gd" with error "Compilation failed".
   at: load (modules/gdscript/gdscript.cpp:2907)
   GDScript backtrace (most recent call first):
       [0] _verify_world_pause_resume (res://tools/verify_app_lifecycle_contract.gd:28)
       [1] _run (res://tools/verify_app_lifecycle_contract.gd:15)
SCRIPT ERROR: Invalid call. Nonexistent function 'new' in base 'GDScript'.
   at: WorldUI._setup_tutorial (res://scripts/world_ui.gd:179)
   GDScript backtrace (most recent call first):
       [0] _setup_tutorial (res://scripts/world_ui.gd:179)
       [1] initialize (res://scripts/world_ui.gd:91)
       [2] _ready (res://scripts/world.gd:116)
       [3] _verify_world_pause_resume (res://tools/verify_app_lifecycle_contract.gd:29)
       [4] _run (res://tools/verify_app_lifecycle_contract.gd:15)
[World] Kayit bulundu. Yeni oyun karakter secim ekrani gosteriliyor.
[SaveManager] Oyun kaydedildi: user://savegame.json (1.0 KB)
SCRIPT ERROR: Invalid call. Nonexistent function 'new' in base 'GDScript'.
   at: WorldUI._setup_tutorial (res://scripts/world_ui.gd:179)
   GDScript backtrace (most recent call first):
       [0] _setup_tutorial (res://scripts/world_ui.gd:179)
       [1] initialize (res://scripts/world_ui.gd:91)
       [2] _ready (res://scripts/world.gd:116)
[World] Kayit bulundu. Yeni oyun karakter secim ekrani gosteriliyor.
APP_LIFECYCLE_CONTRACT_OK
WARNING: ObjectDB instances leaked at exit (run with --verbose for details).
   at: cleanup (core/object/object.cpp:2641)
ERROR: 3 resources still in use at exit (run with --verbose for details).
   at: clear (core/io/resource.cpp:810)

# Gate finished: exit_code=0 elapsed=10,0s
