# P10 Gate Log
# Gate: verify-app-lifecycle
# Number: 3
# Started: 2026-05-15 09:30:36
# Godot: C:\Users\Aykut\Documents\Godot\mmae\tools\..\Godot_v4.6.2-stable_win64_console.exe
# Args: --path . --script res://tools/verify_app_lifecycle_contract.gd
# Timeout: 45s
#
============================================================

# Command: C:\Users\Aykut\Documents\Godot\mmae\tools\..\Godot_v4.6.2-stable_win64_console.exe --path . --script res://tools/verify_app_lifecycle_contract.gd > "C:\Users\Aykut\AppData\Local\Temp\tmp5F4.tmp" 2>&1
Godot Engine v4.6.2.stable.official.71f334935 - https://godotengine.org
D3D12 12_0 - Forward+ - Using Device #0: NVIDIA - NVIDIA GeForce GTX 1650

[AudioManager] 13 placeholder ses olusturuldu.
[AudioManager] assets/audio/ mevcut, ses dosyalari yuklenmeye hazir.
[World] Kayit bulundu. Yeni oyun karakter secim ekrani gosteriliyor.
[SaveManager] Oyun kaydedildi: user://savegame.json (1.0 KB)
APP_LIFECYCLE_CONTRACT_OK
WARNING: ObjectDB instances leaked at exit (run with --verbose for details).
   at: cleanup (core/object/object.cpp:2641)
ERROR: 3 resources still in use at exit (run with --verbose for details).
   at: clear (core/io/resource.cpp:810)

# Gate finished: exit_code=0 elapsed=12,7s
